<?xml version="1.0" encoding="UTF-8"?>
<!-- Generated by org.testng.reporters.JUnitReportReporter -->
<testsuite hostname="sachin-PC" name="pomDemoTest.ClickOnsubmenuTest" tests="1" failures="0" timestamp="3 Nov 2019 13:36:53 GMT" time="19.069" errors="0">
  <testcase name="clickonSubmenus" time="19.069" classname="pomDemoTest.ClickOnsubmenuTest"/>
</testsuite> <!-- pomDemoTest.ClickOnsubmenuTest -->
