<?xml version="1.0" encoding="UTF-8"?>
<!-- Generated by org.testng.reporters.JUnitReportReporter -->
<testsuite hostname="sachin-PC" name="pomDemoTest.DropDownInPomTest" tests="1" failures="0" timestamp="3 Nov 2019 04:14:50 GMT" time="19.783" errors="0">
  <testcase name="slectFromDropDown" time="19.783" classname="pomDemoTest.DropDownInPomTest"/>
</testsuite> <!-- pomDemoTest.DropDownInPomTest -->
